13:40:01.727 [main] INFO  com.UrbanLadder.ReusableComponents.reusablecomponent - close the pop up window
13:40:05.082 [main] INFO  com.UrbanLadder.ReusableComponents.reusablecomponent - it is check the assert is correct or not
08:54:05.815 [main] INFO  com.UrbanLadder.ReusableComponents.reusablecomponent - driver is setup
08:54:17.828 [main] INFO  com.UrbanLadder.ReusableComponents.reusablecomponent - close the pop up window
08:54:20.522 [main] INFO  com.UrbanLadder.ReusableComponents.reusablecomponent - it is check the assert is correct or not
08:54:20.631 [main] INFO  com.UrbanLadder.ReusableComponents.reusablecomponent - it is check the assert is correct or not
08:59:19.271 [main] INFO  com.UrbanLadder.ReusableComponents.reusablecomponent - driver is setup
08:59:31.335 [main] INFO  com.UrbanLadder.ReusableComponents.reusablecomponent - close the pop up window
08:59:35.033 [main] INFO  com.UrbanLadder.ReusableComponents.reusablecomponent - it is check the assert is correct or not
08:59:35.253 [main] INFO  com.UrbanLadder.ReusableComponents.reusablecomponent - it is check the assert is correct or not
08:59:35.449 [main] INFO  com.UrbanLadder.ReusableComponents.reusablecomponent - it is check the assert is correct or not
09:00:38.106 [main] INFO  com.UrbanLadder.ReusableComponents.reusablecomponent - driver is setup
09:00:49.557 [main] INFO  com.UrbanLadder.ReusableComponents.reusablecomponent - close the pop up window
09:00:52.026 [main] INFO  com.UrbanLadder.ReusableComponents.reusablecomponent - it is check the assert is correct or not
09:00:52.660 [main] INFO  com.UrbanLadder.ReusableComponents.reusablecomponent - it is check the assert is correct or not
09:00:53.074 [main] INFO  com.UrbanLadder.ReusableComponents.reusablecomponent - it is check the assert is correct or not
09:05:30.928 [main] INFO  com.UrbanLadder.ReusableComponents.reusablecomponent - driver is setup
09:05:42.657 [main] INFO  com.UrbanLadder.ReusableComponents.reusablecomponent - close the pop up window
09:05:45.000 [main] INFO  com.UrbanLadder.ReusableComponents.reusablecomponent - it is check the assert is correct or not
09:05:45.224 [main] INFO  com.UrbanLadder.ReusableComponents.reusablecomponent - it is check the assert is correct or not
09:05:45.337 [main] INFO  com.UrbanLadder.ReusableComponents.reusablecomponent - it is check the assert is correct or not
09:17:12.762 [main] INFO  com.UrbanLadder.ReusableComponents.reusablecomponent - driver is setup
09:17:24.998 [main] INFO  com.UrbanLadder.ReusableComponents.reusablecomponent - close the pop up window
09:21:10.912 [main] INFO  com.UrbanLadder.ReusableComponents.reusablecomponent - driver is setup
09:21:22.833 [main] INFO  com.UrbanLadder.ReusableComponents.reusablecomponent - Close the popup window
09:21:24.292 [main] INFO  com.UrbanLadder.ReusableComponents.reusablecomponent - enter the send keys value
09:21:25.339 [main] INFO  com.UrbanLadder.ReusableComponents.reusablecomponent - next it shows the which is customer enter
09:21:27.231 [main] INFO  com.UrbanLadder.ReusableComponents.reusablecomponent - driver is setup
09:21:42.198 [main] INFO  com.UrbanLadder.ReusableComponents.reusablecomponent - click the track order it is showing enter the orer number and phone number
09:21:42.554 [main] INFO  com.UrbanLadder.ReusableComponents.reusablecomponent - click the submit buttom
09:21:48.823 [main] INFO  com.UrbanLadder.ReusableComponents.reusablecomponent - driver is setup
09:22:02.493 [main] INFO  com.UrbanLadder.ReusableComponents.reusablecomponent - print the customer review
09:22:02.954 [main] INFO  com.UrbanLadder.ReusableComponents.reusablecomponent - close the browser
09:22:09.336 [main] INFO  com.UrbanLadder.ReusableComponents.reusablecomponent - driver is setup
09:22:24.489 [main] INFO  com.UrbanLadder.ReusableComponents.reusablecomponent - click the store it show all available furniture
09:22:27.811 [main] INFO  com.UrbanLadder.ReusableComponents.reusablecomponent - it is check the assert is correct or not
09:22:30.304 [main] INFO  com.UrbanLadder.ReusableComponents.reusablecomponent - driver is setup
09:22:48.505 [main] INFO  com.UrbanLadder.ReusableComponents.reusablecomponent - driver is intialized
09:22:48.505 [main] INFO  com.UrbanLadder.ReusableComponents.reusablecomponent - Driver is setup
09:22:51.019 [main] INFO  com.UrbanLadder.ReusableComponents.reusablecomponent - Url is open
09:23:10.106 [main] INFO  com.UrbanLadder.ReusableComponents.reusablecomponent -  user click the login icone in that time sign in and sign up
09:23:10.193 [main] INFO  com.UrbanLadder.ReusableComponents.reusablecomponent - user click the login buttom
09:23:19.199 [main] INFO  com.UrbanLadder.ReusableComponents.reusablecomponent - enter the email adress and password
09:23:32.918 [main] INFO  com.UrbanLadder.ReusableComponents.reusablecomponent - driver is setup
09:23:45.270 [main] INFO  com.UrbanLadder.ReusableComponents.reusablecomponent - close the pop up window
09:23:50.626 [main] INFO  com.UrbanLadder.ReusableComponents.reusablecomponent - shows the giftcard page
09:23:51.137 [main] INFO  com.UrbanLadder.ReusableComponents.reusablecomponent - it is  automatically click the wedding button  
09:23:51.849 [main] INFO  com.UrbanLadder.ReusableComponents.reusablecomponent - enter the recipient name and email
09:23:52.601 [main] INFO  com.UrbanLadder.ReusableComponents.reusablecomponent - enter the your name,email,number and message
09:23:54.736 [main] INFO  com.UrbanLadder.ReusableComponents.reusablecomponent - driver is intialized
09:23:54.739 [main] INFO  com.UrbanLadder.ReusableComponents.reusablecomponent - Driver is setup
09:23:57.654 [main] INFO  com.UrbanLadder.ReusableComponents.reusablecomponent - Url is open
09:24:07.516 [main] INFO  com.UrbanLadder.ReusableComponents.reusablecomponent - close the popup window
09:24:10.545 [main] INFO  com.UrbanLadder.ReusableComponents.reusablecomponent - driver is setup
09:24:22.024 [main] INFO  com.UrbanLadder.ReusableComponents.reusablecomponent - close the pop up window
09:24:25.696 [main] INFO  com.UrbanLadder.ReusableComponents.reusablecomponent - driver is setup
09:24:37.330 [main] INFO  com.UrbanLadder.ReusableComponents.reusablecomponent - close the pop up window
10:51:31.765 [main] INFO  com.UrbanLadder.ReusableComponents.reusablecomponent - driver is intialized
10:51:31.769 [main] INFO  com.UrbanLadder.ReusableComponents.reusablecomponent - Driver is setup
10:51:35.755 [main] INFO  com.UrbanLadder.ReusableComponents.reusablecomponent - Url is open
10:51:45.561 [main] INFO  com.UrbanLadder.ReusableComponents.reusablecomponent - close the popup window
10:51:49.427 [main] INFO  com.UrbanLadder.ReusableComponents.reusablecomponent - Successfully Navigated to Table page
10:51:50.262 [main] INFO  com.UrbanLadder.ReusableComponents.reusablecomponent - Url is open
10:52:01.629 [main] INFO  com.UrbanLadder.ReusableComponents.reusablecomponent - Url is open
11:09:43.609 [main] INFO  com.UrbanLadder.ReusableComponents.reusablecomponent - driver is intialized
11:09:43.615 [main] INFO  com.UrbanLadder.ReusableComponents.reusablecomponent - Driver is setup
11:09:47.555 [main] INFO  com.UrbanLadder.ReusableComponents.reusablecomponent - Url is open
11:09:57.306 [main] INFO  com.UrbanLadder.ReusableComponents.reusablecomponent - close the popup window
11:11:07.674 [main] INFO  com.UrbanLadder.ReusableComponents.reusablecomponent - driver is intialized
11:11:07.679 [main] INFO  com.UrbanLadder.ReusableComponents.reusablecomponent - Driver is setup
11:11:10.534 [main] INFO  com.UrbanLadder.ReusableComponents.reusablecomponent - Url is open
11:11:20.436 [main] INFO  com.UrbanLadder.ReusableComponents.reusablecomponent - close the popup window
11:12:25.253 [main] INFO  com.UrbanLadder.ReusableComponents.reusablecomponent - driver is intialized
11:12:25.257 [main] INFO  com.UrbanLadder.ReusableComponents.reusablecomponent - Driver is setup
11:12:27.088 [main] INFO  com.UrbanLadder.ReusableComponents.reusablecomponent - Url is open
11:12:37.172 [main] INFO  com.UrbanLadder.ReusableComponents.reusablecomponent - close the popup window
11:14:24.583 [main] INFO  com.UrbanLadder.ReusableComponents.reusablecomponent - driver is intialized
11:14:24.588 [main] INFO  com.UrbanLadder.ReusableComponents.reusablecomponent - Driver is setup
11:14:28.585 [main] INFO  com.UrbanLadder.ReusableComponents.reusablecomponent - Url is open
11:14:37.706 [main] INFO  com.UrbanLadder.ReusableComponents.reusablecomponent - close the popup window
11:16:07.484 [main] INFO  com.UrbanLadder.ReusableComponents.reusablecomponent - driver is intialized
11:16:07.488 [main] INFO  com.UrbanLadder.ReusableComponents.reusablecomponent - Driver is setup
11:16:11.974 [main] INFO  com.UrbanLadder.ReusableComponents.reusablecomponent - Url is open
11:16:21.107 [main] INFO  com.UrbanLadder.ReusableComponents.reusablecomponent - close the popup window
11:18:05.665 [main] INFO  com.UrbanLadder.ReusableComponents.reusablecomponent - driver is intialized
11:18:05.671 [main] INFO  com.UrbanLadder.ReusableComponents.reusablecomponent - Driver is setup
11:18:08.662 [main] INFO  com.UrbanLadder.ReusableComponents.reusablecomponent - Url is open
11:18:18.590 [main] INFO  com.UrbanLadder.ReusableComponents.reusablecomponent - close the popup window
11:18:23.861 [main] INFO  com.UrbanLadder.ReusableComponents.reusablecomponent - Successfully Navigated to Table page
11:20:14.237 [main] INFO  com.UrbanLadder.ReusableComponents.reusablecomponent - driver is intialized
11:20:14.241 [main] INFO  com.UrbanLadder.ReusableComponents.reusablecomponent - Driver is setup
11:20:17.469 [main] INFO  com.UrbanLadder.ReusableComponents.reusablecomponent - Url is open
11:20:27.743 [main] INFO  com.UrbanLadder.ReusableComponents.reusablecomponent - close the popup window
11:20:33.964 [main] INFO  com.UrbanLadder.ReusableComponents.reusablecomponent - Successfully Navigated to Table page
11:20:34.970 [main] INFO  com.UrbanLadder.ReusableComponents.reusablecomponent - Url is open
11:22:38.165 [main] INFO  com.UrbanLadder.ReusableComponents.reusablecomponent - driver is intialized
11:22:38.170 [main] INFO  com.UrbanLadder.ReusableComponents.reusablecomponent - Driver is setup
11:22:41.740 [main] INFO  com.UrbanLadder.ReusableComponents.reusablecomponent - Url is open
11:22:51.583 [main] INFO  com.UrbanLadder.ReusableComponents.reusablecomponent - close the popup window
11:22:54.293 [main] INFO  com.UrbanLadder.ReusableComponents.reusablecomponent - Url is open
11:24:33.876 [main] INFO  com.UrbanLadder.ReusableComponents.reusablecomponent - driver is intialized
11:24:33.880 [main] INFO  com.UrbanLadder.ReusableComponents.reusablecomponent - Driver is setup
11:24:36.769 [main] INFO  com.UrbanLadder.ReusableComponents.reusablecomponent - Url is open
11:24:46.876 [main] INFO  com.UrbanLadder.ReusableComponents.reusablecomponent - close the popup window
11:24:49.506 [main] INFO  com.UrbanLadder.ReusableComponents.reusablecomponent - Url is open
11:31:02.958 [main] INFO  com.UrbanLadder.ReusableComponents.reusablecomponent - driver is setup
11:31:16.256 [main] INFO  com.UrbanLadder.ReusableComponents.reusablecomponent - Close the popup window
11:31:19.324 [main] INFO  com.UrbanLadder.ReusableComponents.reusablecomponent - enter the send keys value
11:31:20.888 [main] INFO  com.UrbanLadder.ReusableComponents.reusablecomponent - next it shows the which is customer enter
11:31:30.788 [main] INFO  com.UrbanLadder.ReusableComponents.reusablecomponent - driver is setup
11:31:47.185 [main] INFO  com.UrbanLadder.ReusableComponents.reusablecomponent - click the track order it is showing enter the orer number and phone number
11:31:47.778 [main] INFO  com.UrbanLadder.ReusableComponents.reusablecomponent - click the submit buttom
11:31:54.201 [main] INFO  com.UrbanLadder.ReusableComponents.reusablecomponent - driver is setup
11:32:08.451 [main] INFO  com.UrbanLadder.ReusableComponents.reusablecomponent - print the customer review
11:32:08.970 [main] INFO  com.UrbanLadder.ReusableComponents.reusablecomponent - close the browser
11:32:15.097 [main] INFO  com.UrbanLadder.ReusableComponents.reusablecomponent - driver is setup
11:32:30.973 [main] INFO  com.UrbanLadder.ReusableComponents.reusablecomponent - click the store it show all available furniture
11:32:34.711 [main] INFO  com.UrbanLadder.ReusableComponents.reusablecomponent - it is check the assert is correct or not
11:32:36.966 [main] INFO  com.UrbanLadder.ReusableComponents.reusablecomponent - driver is setup
11:32:52.252 [main] INFO  com.UrbanLadder.ReusableComponents.reusablecomponent - driver is intialized
11:32:52.252 [main] INFO  com.UrbanLadder.ReusableComponents.reusablecomponent - Driver is setup
11:32:54.513 [main] INFO  com.UrbanLadder.ReusableComponents.reusablecomponent - Url is open
11:33:13.630 [main] INFO  com.UrbanLadder.ReusableComponents.reusablecomponent -  user click the login icone in that time sign in and sign up
11:33:13.859 [main] INFO  com.UrbanLadder.ReusableComponents.reusablecomponent - user click the login buttom
11:33:22.863 [main] INFO  com.UrbanLadder.ReusableComponents.reusablecomponent - enter the email adress and password
11:33:36.069 [main] INFO  com.UrbanLadder.ReusableComponents.reusablecomponent - driver is setup
11:33:48.163 [main] INFO  com.UrbanLadder.ReusableComponents.reusablecomponent - close the pop up window
11:33:54.207 [main] INFO  com.UrbanLadder.ReusableComponents.reusablecomponent - shows the giftcard page
11:33:54.636 [main] INFO  com.UrbanLadder.ReusableComponents.reusablecomponent - it is  automatically click the wedding button  
11:33:55.377 [main] INFO  com.UrbanLadder.ReusableComponents.reusablecomponent - enter the recipient name and email
11:33:56.366 [main] INFO  com.UrbanLadder.ReusableComponents.reusablecomponent - enter the your name,email,number and message
11:34:02.666 [main] INFO  com.UrbanLadder.ReusableComponents.reusablecomponent - driver is intialized
11:34:02.666 [main] INFO  com.UrbanLadder.ReusableComponents.reusablecomponent - Driver is setup
11:34:04.385 [main] INFO  com.UrbanLadder.ReusableComponents.reusablecomponent - Url is open
11:34:14.333 [main] INFO  com.UrbanLadder.ReusableComponents.reusablecomponent - close the popup window
11:34:18.174 [main] INFO  com.UrbanLadder.ReusableComponents.reusablecomponent - driver is setup
11:34:30.227 [main] INFO  com.UrbanLadder.ReusableComponents.reusablecomponent - close the pop up window
11:34:34.050 [main] INFO  com.UrbanLadder.ReusableComponents.reusablecomponent - it is check the assert is correct or not
11:34:34.697 [main] INFO  com.UrbanLadder.ReusableComponents.reusablecomponent - it is check the assert is correct or not
11:34:34.806 [main] INFO  com.UrbanLadder.ReusableComponents.reusablecomponent - it is check the assert is correct or not
11:34:37.823 [main] INFO  com.UrbanLadder.ReusableComponents.reusablecomponent - driver is setup
11:34:50.255 [main] INFO  com.UrbanLadder.ReusableComponents.reusablecomponent - close the pop up window
11:34:52.804 [main] INFO  com.UrbanLadder.ReusableComponents.reusablecomponent - driver is intialized
11:34:52.804 [main] INFO  com.UrbanLadder.ReusableComponents.reusablecomponent - Driver is setup
11:34:58.994 [main] INFO  com.UrbanLadder.ReusableComponents.reusablecomponent - Url is open
11:35:09.167 [main] INFO  com.UrbanLadder.ReusableComponents.reusablecomponent - close the popup window
